<?xml version="1.0" encoding="UTF-8"?>
<!-- Generated by org.testng.reporters.JUnitXMLReporter -->
<testsuite hostname="sudhanshu" name=" Sanity Test" tests="14" failures="0" timestamp="1 Dec 2020 16:07:22 GMT" time="17.026" errors="0">
  <testcase name="@AfterClass shutDown" time="0.0" classname="com.bits4Testing.test.Functionaltesting">
    <failure type="org.openqa.selenium.NoSuchSessionException" message="Session ID is null. Using WebDriver after calling quit()?
Build info: version: &amp;apos;3.141.59&amp;apos;, revision: &amp;apos;e82be7d358&amp;apos;, time: &amp;apos;2018-11-14T08:17:03&amp;apos;
System info: host: &amp;apos;SUDHANSHU&amp;apos;, ip: &amp;apos;192.168.225.242&amp;apos;, os.name: &amp;apos;Windows 10&amp;apos;, os.arch: &amp;apos;amd64&amp;apos;, os.version: &amp;apos;10.0&amp;apos;, java.version: &amp;apos;1.8.0_201&amp;apos;
Driver info: driver.version: RemoteWebDriver">
      <![CDATA[org.openqa.selenium.NoSuchSessionException: Session ID is null. Using WebDriver after calling quit()?
Build info: version: '3.141.59', revision: 'e82be7d358', time: '2018-11-14T08:17:03'
System info: host: 'SUDHANSHU', ip: '192.168.225.242', os.name: 'Windows 10', os.arch: 'amd64', os.version: '10.0', java.version: '1.8.0_201'
Driver info: driver.version: RemoteWebDriver
	at org.openqa.selenium.remote.HttpCommandExecutor.execute(HttpCommandExecutor.java:125)
	at org.openqa.selenium.remote.service.DriverCommandExecutor.execute(DriverCommandExecutor.java:83)
	at org.openqa.selenium.remote.RemoteWebDriver.execute(RemoteWebDriver.java:552)
	at org.openqa.selenium.remote.RemoteWebDriver$RemoteWebDriverOptions$RemoteTimeouts.pageLoadTimeout(RemoteWebDriver.java:792)
	at com.bits4Testing.test.Baseclass.shutDown(Baseclass.java:87)
... Removed 24 stack frames]]>
    </failure>
  </testcase> <!-- @AfterClass shutDown -->
  <testcase name="@BeforeClass setUp" time="0.0" classname="com.bits4Testing.test.ApiBasicTerminologies">
    <skipped/>
  </testcase> <!-- @BeforeClass setUp -->
  <testcase name="@AfterClass shutDown" time="0.0" classname="com.bits4Testing.test.ApiBasicTerminologies">
    <skipped/>
  </testcase> <!-- @AfterClass shutDown -->
  <testcase name="@BeforeClass setUp" time="0.0" classname="com.bits4Testing.test.APITesting">
    <skipped/>
  </testcase> <!-- @BeforeClass setUp -->
  <testcase name="@AfterClass shutDown" time="0.0" classname="com.bits4Testing.test.APITesting">
    <skipped/>
  </testcase> <!-- @AfterClass shutDown -->
  <testcase name="@BeforeClass setUp" time="0.0" classname="com.bits4Testing.test.APItestingUsingRESTAssured">
    <skipped/>
  </testcase> <!-- @BeforeClass setUp -->
  <testcase name="@AfterClass shutDown" time="0.0" classname="com.bits4Testing.test.APItestingUsingRESTAssured">
    <skipped/>
  </testcase> <!-- @AfterClass shutDown -->
  <testcase name="@BeforeClass setUp" time="0.0" classname="com.bits4Testing.test.AutomationTesting">
    <skipped/>
  </testcase> <!-- @BeforeClass setUp -->
  <testcase name="@AfterClass shutDown" time="0.0" classname="com.bits4Testing.test.AutomationTesting">
    <skipped/>
  </testcase> <!-- @AfterClass shutDown -->
  <testcase name="@BeforeClass setUp" time="0.0" classname="com.bits4Testing.test.BugLifeCycle">
    <skipped/>
  </testcase> <!-- @BeforeClass setUp -->
  <testcase name="@AfterClass shutDown" time="0.0" classname="com.bits4Testing.test.BugLifeCycle">
    <skipped/>
  </testcase> <!-- @AfterClass shutDown -->
  <testcase name="@BeforeClass setUp" time="0.0" classname="com.bits4Testing.test.DistributedVersionControlSystem">
    <skipped/>
  </testcase> <!-- @BeforeClass setUp -->
  <testcase name="@AfterClass shutDown" time="0.0" classname="com.bits4Testing.test.DistributedVersionControlSystem">
    <skipped/>
  </testcase> <!-- @AfterClass shutDown -->
  <testcase name="@BeforeClass setUp" time="0.0" classname="com.bits4Testing.test.GITgitHub">
    <skipped/>
  </testcase> <!-- @BeforeClass setUp -->
  <testcase name="@AfterClass shutDown" time="0.0" classname="com.bits4Testing.test.GITgitHub">
    <skipped/>
  </testcase> <!-- @AfterClass shutDown -->
  <testcase name="@BeforeClass setUp" time="0.0" classname="com.bits4Testing.test.ManualTesting">
    <skipped/>
  </testcase> <!-- @BeforeClass setUp -->
  <testcase name="@AfterClass shutDown" time="0.0" classname="com.bits4Testing.test.ManualTesting">
    <skipped/>
  </testcase> <!-- @AfterClass shutDown -->
  <testcase name="@BeforeClass setUp" time="0.0" classname="com.bits4Testing.test.RegressionTesting">
    <skipped/>
  </testcase> <!-- @BeforeClass setUp -->
  <testcase name="@AfterClass shutDown" time="0.0" classname="com.bits4Testing.test.RegressionTesting">
    <skipped/>
  </testcase> <!-- @AfterClass shutDown -->
  <testcase name="@BeforeClass setUp" time="0.0" classname="com.bits4Testing.test.SDETDefinition">
    <skipped/>
  </testcase> <!-- @BeforeClass setUp -->
  <testcase name="@AfterClass shutDown" time="0.0" classname="com.bits4Testing.test.SDETDefinition">
    <skipped/>
  </testcase> <!-- @AfterClass shutDown -->
  <testcase name="@BeforeClass setUp" time="0.0" classname="com.bits4Testing.test.SDLCSoftwaredevelopmentlifecycle">
    <skipped/>
  </testcase> <!-- @BeforeClass setUp -->
  <testcase name="@AfterClass shutDown" time="0.0" classname="com.bits4Testing.test.SDLCSoftwaredevelopmentlifecycle">
    <skipped/>
  </testcase> <!-- @AfterClass shutDown -->
  <testcase name="@BeforeClass setUp" time="0.0" classname="com.bits4Testing.test.STLCSoftwareTestingLifeCycle">
    <skipped/>
  </testcase> <!-- @BeforeClass setUp -->
  <testcase name="@AfterClass shutDown" time="0.0" classname="com.bits4Testing.test.STLCSoftwareTestingLifeCycle">
    <skipped/>
  </testcase> <!-- @AfterClass shutDown -->
  <testcase name="@BeforeClass setUp" time="0.0" classname="com.bits4Testing.test.TypesofVersionControlSystem">
    <skipped/>
  </testcase> <!-- @BeforeClass setUp -->
  <testcase name="@AfterClass shutDown" time="0.0" classname="com.bits4Testing.test.TypesofVersionControlSystem">
    <skipped/>
  </testcase> <!-- @AfterClass shutDown -->
  <testcase name="functionalResting" time="11.765" classname="com.bits4Testing.test.Functionaltesting"/>
  <testcase name="apiBasicTerminologies" time="0.0" classname="com.bits4Testing.test.ApiBasicTerminologies">
    <skipped/>
  </testcase> <!-- apiBasicTerminologies -->
  <testcase name="apiTesting" time="0.0" classname="com.bits4Testing.test.APITesting">
    <skipped/>
  </testcase> <!-- apiTesting -->
  <testcase name="apitestingUsingRESTAssured" time="0.0" classname="com.bits4Testing.test.APItestingUsingRESTAssured">
    <skipped/>
  </testcase> <!-- apitestingUsingRESTAssured -->
  <testcase name="apiBasicTerminologies" time="0.0" classname="com.bits4Testing.test.AutomationTesting">
    <skipped/>
  </testcase> <!-- apiBasicTerminologies -->
  <testcase name="apiBasicTerminologies" time="0.0" classname="com.bits4Testing.test.BugLifeCycle">
    <skipped/>
  </testcase> <!-- apiBasicTerminologies -->
  <testcase name="apiBasicTerminologies" time="0.0" classname="com.bits4Testing.test.DistributedVersionControlSystem">
    <skipped/>
  </testcase> <!-- apiBasicTerminologies -->
  <testcase name="apiBasicTerminologies" time="0.0" classname="com.bits4Testing.test.GITgitHub">
    <skipped/>
  </testcase> <!-- apiBasicTerminologies -->
  <testcase name="apiBasicTerminologies" time="0.0" classname="com.bits4Testing.test.ManualTesting">
    <skipped/>
  </testcase> <!-- apiBasicTerminologies -->
  <testcase name="apiBasicTerminologies" time="0.0" classname="com.bits4Testing.test.RegressionTesting">
    <skipped/>
  </testcase> <!-- apiBasicTerminologies -->
  <testcase name="apiBasicTerminologies" time="0.0" classname="com.bits4Testing.test.SDETDefinition">
    <skipped/>
  </testcase> <!-- apiBasicTerminologies -->
  <testcase name="apiBasicTerminologies" time="0.0" classname="com.bits4Testing.test.SDLCSoftwaredevelopmentlifecycle">
    <skipped/>
  </testcase> <!-- apiBasicTerminologies -->
  <testcase name="apiBasicTerminologies" time="0.0" classname="com.bits4Testing.test.STLCSoftwareTestingLifeCycle">
    <skipped/>
  </testcase> <!-- apiBasicTerminologies -->
  <testcase name="apiBasicTerminologies" time="0.0" classname="com.bits4Testing.test.TypesofVersionControlSystem">
    <skipped/>
  </testcase> <!-- apiBasicTerminologies -->
</testsuite> <!--  Sanity Test -->
