<?xml version="1.0" encoding="UTF-8"?>
<!-- Generated by org.testng.reporters.JUnitXMLReporter -->
<testsuite hostname="sudhanshu" name="Test" tests="14" failures="0" timestamp="1 Dec 2020 15:01:17 GMT" time="149.313" errors="0">
  <testcase name="functionalResting" time="4.304" classname="com.bits4Testing.test.Functionaltesting"/>
  <testcase name="apiBasicTerminologies" time="6.312" classname="com.bits4Testing.test.ApiBasicTerminologies"/>
  <testcase name="apiTesting" time="6.493" classname="com.bits4Testing.test.APITesting"/>
  <testcase name="apitestingUsingRESTAssured" time="6.653" classname="com.bits4Testing.test.APItestingUsingRESTAssured"/>
  <testcase name="apiBasicTerminologies" time="7.037" classname="com.bits4Testing.test.AutomationTesting"/>
  <testcase name="apiBasicTerminologies" time="5.418" classname="com.bits4Testing.test.BugLifeCycle"/>
  <testcase name="apiBasicTerminologies" time="6.143" classname="com.bits4Testing.test.DistributedVersionControlSystem"/>
  <testcase name="apiBasicTerminologies" time="4.623" classname="com.bits4Testing.test.GITgitHub"/>
  <testcase name="apiBasicTerminologies" time="5.909" classname="com.bits4Testing.test.ManualTesting"/>
  <testcase name="apiBasicTerminologies" time="5.493" classname="com.bits4Testing.test.RegressionTesting"/>
  <testcase name="apiBasicTerminologies" time="5.509" classname="com.bits4Testing.test.SDETDefinition"/>
  <testcase name="apiBasicTerminologies" time="5.247" classname="com.bits4Testing.test.SDLCSoftwaredevelopmentlifecycle"/>
  <testcase name="apiBasicTerminologies" time="5.285" classname="com.bits4Testing.test.STLCSoftwareTestingLifeCycle"/>
  <testcase name="apiBasicTerminologies" time="6.53" classname="com.bits4Testing.test.TypesofVersionControlSystem"/>
</testsuite> <!-- Test -->
