<?xml version="1.0" encoding="UTF-8"?>
<!-- Generated by org.testng.reporters.JUnitXMLReporter -->
<testsuite hostname="sudhanshu" name="Smoke Test" tests="15" failures="0" timestamp="11 Dec 2020 10:59:59 GMT" time="176.711" errors="0">
  <testcase name="functionalResting" time="4.906" classname="com.bits4Testing.test.Functionaltesting"/>
  <testcase name="apiBasicTerminologies" time="9.611" classname="com.bits4Testing.test.ApiBasicTerminologies"/>
  <testcase name="apiTesting" time="2.382" classname="com.bits4Testing.test.APITesting"/>
  <testcase name="apitestingUsingRESTAssured" time="6.03" classname="com.bits4Testing.test.APItestingUsingRESTAssured"/>
  <testcase name="apiBasicTerminologies" time="2.936" classname="com.bits4Testing.test.AutomationTesting"/>
  <testcase name="apiBasicTerminologies" time="4.667" classname="com.bits4Testing.test.BugLifeCycle"/>
  <testcase name="apiBasicTerminologies" time="3.42" classname="com.bits4Testing.test.DistributedVersionControlSystem"/>
  <testcase name="apiBasicTerminologies" time="2.847" classname="com.bits4Testing.test.GITgitHub"/>
  <testcase name="apiBasicTerminologies" time="5.619" classname="com.bits4Testing.test.ManualTesting"/>
  <testcase name="apiBasicTerminologies" time="2.479" classname="com.bits4Testing.test.RegressionTesting"/>
  <testcase name="apiBasicTerminologies" time="3.797" classname="com.bits4Testing.test.SDETDefinition"/>
  <testcase name="apiBasicTerminologies" time="2.526" classname="com.bits4Testing.test.SDLCSoftwaredevelopmentlifecycle"/>
  <testcase name="apiBasicTerminologies" time="3.253" classname="com.bits4Testing.test.STLCSoftwareTestingLifeCycle"/>
  <testcase name="apiBasicTerminologies" time="3.231" classname="com.bits4Testing.test.TypesofVersionControlSystem"/>
  <testcase name="clientServerArchitecture" time="1.972" classname="com.bits4Testing.test.ClientServerArchitecture"/>
</testsuite> <!-- Smoke Test -->
